<?xml version="1.0" encoding="UTF-8"?>
<!-- Generated by org.testng.reporters.JUnitReportReporter -->
<testsuite hostname="DESKTOP-BP0PLMU" failures="0" tests="2" name="vtiger.Practice.DataProviderPractice" time="0.007" errors="0" timestamp="2023-07-21T15:18:50 IST" skipped="0">
  <testcase classname="vtiger.Practice.DataProviderPractice" name="addToCart" time="0.006"/>
  <system-out/>
  <testcase classname="vtiger.Practice.DataProviderPractice" name="addToCart" time="0.001"/>
  <system-out/>
</testsuite> <!-- vtiger.Practice.DataProviderPractice -->
