<?xml version="1.0" encoding="UTF-8"?>
<!-- Generated by org.testng.reporters.JUnitReportReporter -->
<testsuite hostname="DESKTOP-BP0PLMU" failures="0" tests="1" name="testYantraPractice.HoverMessages" time="11.522" errors="0" timestamp="2023-04-09T13:03:18 IST" skipped="0">
  <testcase classname="testYantraPractice.HoverMessages" name="hoverHandling" time="11.522"/>
  <system-out/>
</testsuite> <!-- testYantraPractice.HoverMessages -->
