<?xml version="1.0" encoding="UTF-8"?>
<!-- Generated by org.testng.reporters.JUnitReportReporter -->
<testsuite hostname="DESKTOP-BP0PLMU" failures="0" tests="1" name="testYantraPractice.Locators" time="15.613" errors="0" timestamp="2023-04-09T17:17:14 IST" skipped="0">
  <testcase classname="testYantraPractice.Locators" name="typesOfLocators" time="15.613"/>
  <system-out/>
</testsuite> <!-- testYantraPractice.Locators -->
