<?xml version="1.0" encoding="UTF-8"?>
<!-- Generated by org.testng.reporters.JUnitReportReporter -->
<testsuite hostname="DESKTOP-BP0PLMU" failures="0" tests="1" name="testYantraPractice.ScrollDownHandling" time="7.262" errors="0" timestamp="2023-04-08T17:07:25 IST" skipped="0">
  <testcase classname="testYantraPractice.ScrollDownHandling" name="scrolldown" time="7.262"/>
  <system-out/>
</testsuite> <!-- testYantraPractice.ScrollDownHandling -->
