<?xml version="1.0" encoding="UTF-8"?>
<!-- Generated by org.testng.reporters.JUnitReportReporter -->
<testsuite hostname="DESKTOP-BP0PLMU" failures="0" tests="1" name="vtiger.Contacts.Tests.CreateContactWithOrganizationTest" time="44.074" errors="0" timestamp="2023-05-27T22:47:43 IST" skipped="0">
  <testcase classname="vtiger.Contacts.Tests.CreateContactWithOrganizationTest" name="createContactWithOrgTest" time="44.074"/>
  <system-out/>
</testsuite> <!-- vtiger.Contacts.Tests.CreateContactWithOrganizationTest -->
