<?xml version="1.0" encoding="UTF-8"?>
<!-- Generated by org.testng.reporters.JUnitReportReporter -->
<testsuite hostname="DESKTOP-BP0PLMU" failures="0" tests="1" name="testYantraPractice.AutoSuggestions" time="11.205" errors="0" timestamp="2023-04-08T16:03:57 IST" skipped="0">
  <testcase classname="testYantraPractice.AutoSuggestions" name="autosuggestions" time="11.205"/>
  <system-out/>
</testsuite> <!-- testYantraPractice.AutoSuggestions -->
