<?xml version="1.0" encoding="UTF-8"?>
<!-- Generated by org.testng.reporters.JUnitReportReporter -->
<testsuite hostname="DESKTOP-BP0PLMU" failures="0" tests="1" name="testYantraPractice.HiddenDivisionPopup" time="20.790" errors="0" timestamp="2023-04-08T21:13:27 IST" skipped="0">
  <testcase classname="testYantraPractice.HiddenDivisionPopup" name="HiddenPopup" time="20.790"/>
  <system-out/>
</testsuite> <!-- testYantraPractice.HiddenDivisionPopup -->
