<?xml version="1.0" encoding="UTF-8"?>
<!-- Generated by org.testng.reporters.JUnitReportReporter -->
<testsuite hostname="DESKTOP-BP0PLMU" failures="0" tests="4" name="vtiger.Organization.Tests.CreateMultipleOrgTest" time="97.138" errors="0" timestamp="2023-04-06T22:09:07 IST" skipped="0">
  <testcase classname="vtiger.Organization.Tests.CreateMultipleOrgTest" name="createOrgTest" time="19.126"/>
  <system-out/>
  <testcase classname="vtiger.Organization.Tests.CreateMultipleOrgTest" name="createOrgTest" time="24.311"/>
  <system-out/>
  <testcase classname="vtiger.Organization.Tests.CreateMultipleOrgTest" name="createOrgTest" time="23.575"/>
  <system-out/>
  <testcase classname="vtiger.Organization.Tests.CreateMultipleOrgTest" name="createOrgTest" time="30.126"/>
  <system-out/>
</testsuite> <!-- vtiger.Organization.Tests.CreateMultipleOrgTest -->
