<?xml version="1.0" encoding="UTF-8"?>
<!-- Generated by org.testng.reporters.JUnitReportReporter -->
<testsuite hostname="DESKTOP-BP0PLMU" failures="0" tests="1" name="testYantraPractice.Scenario" time="17.421" errors="0" timestamp="2023-04-17T16:29:36 IST" skipped="0">
  <testcase classname="testYantraPractice.Scenario" name="flipkart" time="17.421"/>
  <system-out/>
</testsuite> <!-- testYantraPractice.Scenario -->
