<?xml version="1.0" encoding="UTF-8"?>
<!-- Generated by org.testng.reporters.JUnitReportReporter -->
<testsuite hostname="DESKTOP-BP0PLMU" failures="0" tests="1" name="vtiger.Organization.Tests.CreateOrganizationTest" time="35.195" errors="0" timestamp="2023-04-06T22:39:19 IST" skipped="0">
  <testcase classname="vtiger.Organization.Tests.CreateOrganizationTest" name="createOrgTest" time="35.195"/>
  <system-out/>
</testsuite> <!-- vtiger.Organization.Tests.CreateOrganizationTest -->
