<?xml version="1.0" encoding="UTF-8"?>
<!-- Generated by org.testng.reporters.JUnitReportReporter -->
<testsuite hostname="DESKTOP-BP0PLMU" failures="0" tests="1" name="testYantraPractice.KeyBoardStrockHandle" time="12.618" errors="0" timestamp="2023-06-02T15:30:15 IST" skipped="0">
  <testcase classname="testYantraPractice.KeyBoardStrockHandle" name="loingToActitime" time="12.618"/>
  <system-out/>
</testsuite> <!-- testYantraPractice.KeyBoardStrockHandle -->
