<?xml version="1.0" encoding="UTF-8"?>
<!-- Generated by org.testng.reporters.JUnitReportReporter -->
<testsuite hostname="DESKTOP-BP0PLMU" failures="0" tests="1" name="testYantraPractice.WindowPopup" time="13.272" errors="0" timestamp="2023-04-17T20:36:50 IST" skipped="0">
  <testcase classname="testYantraPractice.WindowPopup" name="windowHandling" time="13.272"/>
  <system-out/>
</testsuite> <!-- testYantraPractice.WindowPopup -->
