<?xml version="1.0" encoding="UTF-8"?>
<!-- Generated by org.testng.reporters.JUnitReportReporter -->
<testsuite hostname="DESKTOP-BP0PLMU" failures="0" tests="3" name="vtiger.Practice.TestNGPracticeTest" time="0.006" errors="0" timestamp="2023-04-07T11:46:13 IST" skipped="0">
  <testcase classname="vtiger.Practice.TestNGPracticeTest" name="deleteUserTest" time="0.005"/>
  <system-out/>
  <testcase classname="vtiger.Practice.TestNGPracticeTest" name="createUserTest" time="0.000"/>
  <system-out/>
  <testcase classname="vtiger.Practice.TestNGPracticeTest" name="modifyUserTest" time="0.001"/>
  <system-out/>
</testsuite> <!-- vtiger.Practice.TestNGPracticeTest -->
