<?xml version="1.0" encoding="UTF-8"?>
<!-- Generated by org.testng.reporters.JUnitReportReporter -->
<testsuite hostname="DESKTOP-BP0PLMU" failures="0" tests="1" name="vtiger.Contacts.Tests.CreateContactWithOrganizationTest" time="114.238" errors="0" timestamp="2023-04-07T11:46:13 IST" skipped="0">
  <testcase classname="vtiger.Contacts.Tests.CreateContactWithOrganizationTest" name="createContactWithOrgTest" time="114.238"/>
  <system-out/>
</testsuite> <!-- vtiger.Contacts.Tests.CreateContactWithOrganizationTest -->
